<?xml version="1.0" encoding="UTF-8"?>
<testng-results skipped="1" failed="1" ignored="0" total="9" passed="7">
  <reporter-output>
  </reporter-output>
  <suite name="Suite" duration-ms="210308" started-at="2019-12-22T01:12:39Z" finished-at="2019-12-22T01:16:09Z">
    <groups>
    </groups>
    <test name="GetStartedTest" duration-ms="63627" started-at="2019-12-22T01:12:39Z" finished-at="2019-12-22T01:13:43Z">
      <class name="com.nationalguard.ddf.testcases.NationalGuardGetStarted">
        <test-method status="PASS" signature="initialize()[pri:0, instance:com.nationalguard.ddf.testcases.NationalGuardGetStarted@61dc03ce]" name="initialize" is-config="true" duration-ms="10" started-at="2019-12-22T12:12:39Z" finished-at="2019-12-22T12:12:39Z">
          <reporter-output>
          </reporter-output>
        </test-method> <!-- initialize -->
        <test-method status="PASS" signature="initTest()[pri:0, instance:com.nationalguard.ddf.testcases.NationalGuardGetStarted@61dc03ce]" name="initTest" is-config="true" duration-ms="245" started-at="2019-12-22T12:12:40Z" finished-at="2019-12-22T12:12:40Z">
          <reporter-output>
          </reporter-output>
        </test-method> <!-- initTest -->
        <test-method status="PASS" signature="getStartedForm(java.util.Hashtable)[pri:0, instance:com.nationalguard.ddf.testcases.NationalGuardGetStarted@61dc03ce]" name="getStartedForm" duration-ms="27068" started-at="2019-12-22T12:12:40Z" data-provider="getData" finished-at="2019-12-22T12:13:07Z">
          <params>
            <param index="0">
              <value>
                <![CDATA[{Birthdate=02-11-1990, FirstName=Tom, Zipcode=22009, LastName=Smith, Runmode=Y, PhoneNumber=(571)-379-0222, Email=tom@tom.com, Browser=chrome}]]>
              </value>
            </param>
          </params>
          <reporter-output>
          </reporter-output>
        </test-method> <!-- getStartedForm -->
        <test-method status="PASS" signature="quit()[pri:0, instance:com.nationalguard.ddf.testcases.NationalGuardGetStarted@61dc03ce]" name="quit" is-config="true" duration-ms="1343" started-at="2019-12-22T12:13:07Z" finished-at="2019-12-22T12:13:09Z">
          <reporter-output>
          </reporter-output>
        </test-method> <!-- quit -->
        <test-method status="PASS" signature="initTest()[pri:0, instance:com.nationalguard.ddf.testcases.NationalGuardGetStarted@61dc03ce]" name="initTest" is-config="true" duration-ms="0" started-at="2019-12-22T12:13:09Z" finished-at="2019-12-22T12:13:09Z">
          <reporter-output>
          </reporter-output>
        </test-method> <!-- initTest -->
        <test-method status="PASS" signature="getStartedForm(java.util.Hashtable)[pri:0, instance:com.nationalguard.ddf.testcases.NationalGuardGetStarted@61dc03ce]" name="getStartedForm" duration-ms="31795" started-at="2019-12-22T12:13:09Z" data-provider="getData" finished-at="2019-12-22T12:13:41Z">
          <params>
            <param index="0">
              <value>
                <![CDATA[{Birthdate=02-11-1991, FirstName=Tommy, Zipcode=22015, LastName=Smith, Runmode=Y, PhoneNumber=(571)-379-0222, Email=tom@tom.com, Browser=firefox}]]>
              </value>
            </param>
          </params>
          <reporter-output>
          </reporter-output>
        </test-method> <!-- getStartedForm -->
        <test-method status="PASS" signature="quit()[pri:0, instance:com.nationalguard.ddf.testcases.NationalGuardGetStarted@61dc03ce]" name="quit" is-config="true" duration-ms="2101" started-at="2019-12-22T12:13:41Z" finished-at="2019-12-22T12:13:43Z">
          <reporter-output>
          </reporter-output>
        </test-method> <!-- quit -->
        <test-method status="PASS" signature="initTest()[pri:0, instance:com.nationalguard.ddf.testcases.NationalGuardGetStarted@61dc03ce]" name="initTest" is-config="true" duration-ms="0" started-at="2019-12-22T12:13:43Z" finished-at="2019-12-22T12:13:43Z">
          <reporter-output>
          </reporter-output>
        </test-method> <!-- initTest -->
        <test-method status="SKIP" signature="getStartedForm(java.util.Hashtable)[pri:0, instance:com.nationalguard.ddf.testcases.NationalGuardGetStarted@61dc03ce]" name="getStartedForm" duration-ms="5" started-at="2019-12-22T12:13:43Z" data-provider="getData" finished-at="2019-12-22T12:13:43Z">
          <params>
            <param index="0">
              <value>
                <![CDATA[{Birthdate=02-11-1992, FirstName=Toom, Zipcode=22003, LastName=Smith, Runmode=N, PhoneNumber=(571)-379-0222, Email=tom@tom.com, Browser=chrome}]]>
              </value>
            </param>
          </params>
          <exception class="org.testng.SkipException">
            <message>
              <![CDATA[Test skipped since rumode is N]]>
            </message>
            <full-stacktrace>
              <![CDATA[org.testng.SkipException: Test skipped since rumode is N
	at com.nationalguard.ddf.testcases.NationalGuardGetStarted.getStartedForm(NationalGuardGetStarted.java:28)
	at sun.reflect.NativeMethodAccessorImpl.invoke0(Native Method)
	at sun.reflect.NativeMethodAccessorImpl.invoke(NativeMethodAccessorImpl.java:62)
	at sun.reflect.DelegatingMethodAccessorImpl.invoke(DelegatingMethodAccessorImpl.java:43)
	at java.lang.reflect.Method.invoke(Method.java:483)
	at org.testng.internal.MethodInvocationHelper.invokeMethod(MethodInvocationHelper.java:104)
	at org.testng.internal.Invoker.invokeMethod(Invoker.java:645)
	at org.testng.internal.Invoker.invokeTestMethod(Invoker.java:851)
	at org.testng.internal.Invoker.invokeTestMethods(Invoker.java:1177)
	at org.testng.internal.TestMethodWorker.invokeTestMethods(TestMethodWorker.java:129)
	at org.testng.internal.TestMethodWorker.run(TestMethodWorker.java:112)
	at org.testng.TestRunner.privateRun(TestRunner.java:756)
	at org.testng.TestRunner.run(TestRunner.java:610)
	at org.testng.SuiteRunner.runTest(SuiteRunner.java:387)
	at org.testng.SuiteRunner.runSequentially(SuiteRunner.java:382)
	at org.testng.SuiteRunner.privateRun(SuiteRunner.java:340)
	at org.testng.SuiteRunner.run(SuiteRunner.java:289)
	at org.testng.SuiteRunnerWorker.runSuite(SuiteRunnerWorker.java:52)
	at org.testng.SuiteRunnerWorker.run(SuiteRunnerWorker.java:86)
	at org.testng.TestNG.runSuitesSequentially(TestNG.java:1293)
	at org.testng.TestNG.runSuitesLocally(TestNG.java:1218)
	at org.testng.TestNG.runSuites(TestNG.java:1133)
	at org.testng.TestNG.run(TestNG.java:1104)
	at org.apache.maven.surefire.testng.TestNGExecutor.run(TestNGExecutor.java:283)
	at org.apache.maven.surefire.testng.TestNGXmlTestSuite.execute(TestNGXmlTestSuite.java:75)
	at org.apache.maven.surefire.testng.TestNGProvider.invoke(TestNGProvider.java:120)
	at org.apache.maven.surefire.booter.ForkedBooter.invokeProviderInSameClassLoader(ForkedBooter.java:384)
	at org.apache.maven.surefire.booter.ForkedBooter.runSuitesInProcess(ForkedBooter.java:345)
	at org.apache.maven.surefire.booter.ForkedBooter.execute(ForkedBooter.java:126)
	at org.apache.maven.surefire.booter.ForkedBooter.main(ForkedBooter.java:418)
]]>
            </full-stacktrace>
          </exception> <!-- org.testng.SkipException -->
          <reporter-output>
          </reporter-output>
        </test-method> <!-- getStartedForm -->
        <test-method status="PASS" signature="quit()[pri:0, instance:com.nationalguard.ddf.testcases.NationalGuardGetStarted@61dc03ce]" name="quit" is-config="true" duration-ms="70" started-at="2019-12-22T12:13:43Z" finished-at="2019-12-22T12:13:43Z">
          <reporter-output>
          </reporter-output>
        </test-method> <!-- quit -->
      </class> <!-- com.nationalguard.ddf.testcases.NationalGuardGetStarted -->
    </test> <!-- GetStartedTest -->
    <test name="FitnessCalculatorTest" duration-ms="44597" started-at="2019-12-22T01:13:43Z" finished-at="2019-12-22T01:14:27Z">
      <class name="com.nationalguard.ddf.testcases.FitnessCal">
        <test-method status="PASS" signature="initialize()[pri:0, instance:com.nationalguard.ddf.testcases.FitnessCal@6a024a67]" name="initialize" is-config="true" duration-ms="2" started-at="2019-12-22T12:13:43Z" finished-at="2019-12-22T12:13:43Z">
          <reporter-output>
          </reporter-output>
        </test-method> <!-- initialize -->
        <test-method status="PASS" signature="initTest()[pri:0, instance:com.nationalguard.ddf.testcases.FitnessCal@6a024a67]" name="initTest" is-config="true" duration-ms="0" started-at="2019-12-22T12:13:43Z" finished-at="2019-12-22T12:13:43Z">
          <reporter-output>
          </reporter-output>
        </test-method> <!-- initTest -->
        <test-method status="PASS" signature="fitnessCalculator(java.util.Hashtable)[pri:0, instance:com.nationalguard.ddf.testcases.FitnessCal@6a024a67]" name="fitnessCalculator" duration-ms="17499" started-at="2019-12-22T12:13:43Z" data-provider="getData" finished-at="2019-12-22T12:14:00Z">
          <params>
            <param index="0">
              <value>
                <![CDATA[{Runmode=Y, Gender_xpath=//label[@for='gender_0' and @class='btn-outline'], Browser=chrome}]]>
              </value>
            </param>
          </params>
          <reporter-output>
          </reporter-output>
        </test-method> <!-- fitnessCalculator -->
        <test-method status="PASS" signature="quit()[pri:0, instance:com.nationalguard.ddf.testcases.FitnessCal@6a024a67]" name="quit" is-config="true" duration-ms="1035" started-at="2019-12-22T12:14:00Z" finished-at="2019-12-22T12:14:01Z">
          <reporter-output>
          </reporter-output>
        </test-method> <!-- quit -->
        <test-method status="PASS" signature="initTest()[pri:0, instance:com.nationalguard.ddf.testcases.FitnessCal@6a024a67]" name="initTest" is-config="true" duration-ms="0" started-at="2019-12-22T12:14:01Z" finished-at="2019-12-22T12:14:01Z">
          <reporter-output>
          </reporter-output>
        </test-method> <!-- initTest -->
        <test-method status="PASS" signature="fitnessCalculator(java.util.Hashtable)[pri:0, instance:com.nationalguard.ddf.testcases.FitnessCal@6a024a67]" name="fitnessCalculator" duration-ms="24526" started-at="2019-12-22T12:14:01Z" data-provider="getData" finished-at="2019-12-22T12:14:26Z">
          <params>
            <param index="0">
              <value>
                <![CDATA[{Runmode=Y, Gender_xpath=//label[@for='gender_1' and @class='btn-outline'], Browser=firefox}]]>
              </value>
            </param>
          </params>
          <reporter-output>
          </reporter-output>
        </test-method> <!-- fitnessCalculator -->
        <test-method status="PASS" signature="quit()[pri:0, instance:com.nationalguard.ddf.testcases.FitnessCal@6a024a67]" name="quit" is-config="true" duration-ms="1474" started-at="2019-12-22T12:14:26Z" finished-at="2019-12-22T12:14:27Z">
          <reporter-output>
          </reporter-output>
        </test-method> <!-- quit -->
      </class> <!-- com.nationalguard.ddf.testcases.FitnessCal -->
    </test> <!-- FitnessCalculatorTest -->
    <test name="WeightCalculatorTest" duration-ms="56110" started-at="2019-12-22T01:14:27Z" finished-at="2019-12-22T01:15:23Z">
      <class name="com.nationalguard.ddf.testcases.WeightCalculatorTest">
        <test-method status="PASS" signature="initialize()[pri:0, instance:com.nationalguard.ddf.testcases.WeightCalculatorTest@3c756e4d]" name="initialize" is-config="true" duration-ms="0" started-at="2019-12-22T12:14:27Z" finished-at="2019-12-22T12:14:27Z">
          <reporter-output>
          </reporter-output>
        </test-method> <!-- initialize -->
        <test-method status="PASS" signature="weightCalculatorMale(java.util.Hashtable)[pri:0, instance:com.nationalguard.ddf.testcases.WeightCalculatorTest@3c756e4d]" name="weightCalculatorMale" duration-ms="17901" started-at="2019-12-22T12:14:27Z" data-provider="getData" finished-at="2019-12-22T12:14:45Z">
          <params>
            <param index="0">
              <value>
                <![CDATA[{Runmode=Y, Gender_xpath=//label[@for='gender_0' and @class='btn-outline'], Browser=chrome}]]>
              </value>
            </param>
          </params>
          <reporter-output>
          </reporter-output>
        </test-method> <!-- weightCalculatorMale -->
        <test-method status="PASS" signature="initTest()[pri:0, instance:com.nationalguard.ddf.testcases.WeightCalculatorTest@3c756e4d]" name="initTest" is-config="true" duration-ms="0" started-at="2019-12-22T12:14:27Z" finished-at="2019-12-22T12:14:27Z">
          <reporter-output>
          </reporter-output>
        </test-method> <!-- initTest -->
        <test-method status="PASS" signature="quit()[pri:0, instance:com.nationalguard.ddf.testcases.WeightCalculatorTest@3c756e4d]" name="quit" is-config="true" duration-ms="1011" started-at="2019-12-22T12:14:45Z" finished-at="2019-12-22T12:14:46Z">
          <reporter-output>
          </reporter-output>
        </test-method> <!-- quit -->
        <test-method status="PASS" signature="initTest()[pri:0, instance:com.nationalguard.ddf.testcases.WeightCalculatorTest@3c756e4d]" name="initTest" is-config="true" duration-ms="0" started-at="2019-12-22T12:14:46Z" finished-at="2019-12-22T12:14:46Z">
          <reporter-output>
          </reporter-output>
        </test-method> <!-- initTest -->
        <test-method status="PASS" signature="weightCalculatorMale(java.util.Hashtable)[pri:0, instance:com.nationalguard.ddf.testcases.WeightCalculatorTest@3c756e4d]" name="weightCalculatorMale" duration-ms="35714" started-at="2019-12-22T12:14:46Z" data-provider="getData" finished-at="2019-12-22T12:15:22Z">
          <params>
            <param index="0">
              <value>
                <![CDATA[{Runmode=Y, Gender_xpath=//label[@for='gender_1' and @class='btn-outline'], Browser=firefox}]]>
              </value>
            </param>
          </params>
          <reporter-output>
          </reporter-output>
        </test-method> <!-- weightCalculatorMale -->
        <test-method status="PASS" signature="quit()[pri:0, instance:com.nationalguard.ddf.testcases.WeightCalculatorTest@3c756e4d]" name="quit" is-config="true" duration-ms="1407" started-at="2019-12-22T12:15:22Z" finished-at="2019-12-22T12:15:23Z">
          <reporter-output>
          </reporter-output>
        </test-method> <!-- quit -->
      </class> <!-- com.nationalguard.ddf.testcases.WeightCalculatorTest -->
    </test> <!-- WeightCalculatorTest -->
    <test name="GuardPayTest" duration-ms="45925" started-at="2019-12-22T01:15:23Z" finished-at="2019-12-22T01:16:09Z">
      <class name="com.nationalguard.ddf.testcases.GuardPayTest">
        <test-method status="PASS" signature="initialize()[pri:0, instance:com.nationalguard.ddf.testcases.GuardPayTest@548b7f67]" name="initialize" is-config="true" duration-ms="0" started-at="2019-12-22T12:15:23Z" finished-at="2019-12-22T12:15:23Z">
          <reporter-output>
          </reporter-output>
        </test-method> <!-- initialize -->
        <test-method status="PASS" signature="initTest()[pri:0, instance:com.nationalguard.ddf.testcases.GuardPayTest@548b7f67]" name="initTest" is-config="true" duration-ms="0" started-at="2019-12-22T12:15:24Z" finished-at="2019-12-22T12:15:24Z">
          <reporter-output>
          </reporter-output>
        </test-method> <!-- initTest -->
        <test-method status="FAIL" signature="guardpayEnlisted(java.util.Hashtable)[pri:0, instance:com.nationalguard.ddf.testcases.GuardPayTest@548b7f67]" name="guardpayEnlisted" duration-ms="15147" started-at="2019-12-22T12:15:24Z" data-provider="getData" finished-at="2019-12-22T12:15:39Z">
          <params>
            <param index="0">
              <value>
                <![CDATA[{Year=1, EnlistmentType_xpath=//label[@for='current_status_1' and @class='btn-outline'], Runmode=Y, Rank=E-1 Private, Browser=chrome}]]>
              </value>
            </param>
          </params>
          <exception class="org.openqa.selenium.ElementClickInterceptedException">
            <message>
              <![CDATA[element click intercepted: Element <label for="current_status_1" class="btn-outline">...</label> is not clickable at point (646, 471). Other element would receive the click: <div id="loader" class="align-self-middle text-center">...</div>
  (Session info: chrome=79.0.3945.88)
Build info: version: '3.141.59', revision: 'e82be7d358', time: '2018-11-14T08:17:03'
System info: host: 'AJAY-PC', ip: '192.168.0.131', os.name: 'Windows 8.1', os.arch: 'amd64', os.version: '6.3', java.version: '1.8.0_05'
Driver info: org.openqa.selenium.chrome.ChromeDriver
Capabilities {acceptInsecureCerts: false, browserName: chrome, browserVersion: 79.0.3945.88, chrome: {chromedriverVersion: 79.0.3945.36 (3582db32b3389..., userDataDir: C:\Users\ajay\AppData\Local...}, goog:chromeOptions: {debuggerAddress: localhost:57612}, javascriptEnabled: true, networkConnectionEnabled: false, pageLoadStrategy: normal, platform: WINDOWS, platformName: WINDOWS, proxy: Proxy(), setWindowRect: true, strictFileInteractability: false, timeouts: {implicit: 0, pageLoad: 300000, script: 30000}, unhandledPromptBehavior: dismiss and notify}
Session ID: 8304c2d2b1eb9ce4ea70fffb52e7ce20]]>
            </message>
            <full-stacktrace>
              <![CDATA[org.openqa.selenium.ElementClickInterceptedException: element click intercepted: Element <label for="current_status_1" class="btn-outline">...</label> is not clickable at point (646, 471). Other element would receive the click: <div id="loader" class="align-self-middle text-center">...</div>
  (Session info: chrome=79.0.3945.88)
Build info: version: '3.141.59', revision: 'e82be7d358', time: '2018-11-14T08:17:03'
System info: host: 'AJAY-PC', ip: '192.168.0.131', os.name: 'Windows 8.1', os.arch: 'amd64', os.version: '6.3', java.version: '1.8.0_05'
Driver info: org.openqa.selenium.chrome.ChromeDriver
Capabilities {acceptInsecureCerts: false, browserName: chrome, browserVersion: 79.0.3945.88, chrome: {chromedriverVersion: 79.0.3945.36 (3582db32b3389..., userDataDir: C:\Users\ajay\AppData\Local...}, goog:chromeOptions: {debuggerAddress: localhost:57612}, javascriptEnabled: true, networkConnectionEnabled: false, pageLoadStrategy: normal, platform: WINDOWS, platformName: WINDOWS, proxy: Proxy(), setWindowRect: true, strictFileInteractability: false, timeouts: {implicit: 0, pageLoad: 300000, script: 30000}, unhandledPromptBehavior: dismiss and notify}
Session ID: 8304c2d2b1eb9ce4ea70fffb52e7ce20
	at sun.reflect.NativeConstructorAccessorImpl.newInstance0(Native Method)
	at sun.reflect.NativeConstructorAccessorImpl.newInstance(NativeConstructorAccessorImpl.java:62)
	at sun.reflect.DelegatingConstructorAccessorImpl.newInstance(DelegatingConstructorAccessorImpl.java:45)
	at java.lang.reflect.Constructor.newInstance(Constructor.java:408)
	at org.openqa.selenium.remote.http.W3CHttpResponseCodec.createException(W3CHttpResponseCodec.java:187)
	at org.openqa.selenium.remote.http.W3CHttpResponseCodec.decode(W3CHttpResponseCodec.java:122)
	at org.openqa.selenium.remote.http.W3CHttpResponseCodec.decode(W3CHttpResponseCodec.java:49)
	at org.openqa.selenium.remote.HttpCommandExecutor.execute(HttpCommandExecutor.java:158)
	at org.openqa.selenium.remote.service.DriverCommandExecutor.execute(DriverCommandExecutor.java:83)
	at org.openqa.selenium.remote.RemoteWebDriver.execute(RemoteWebDriver.java:552)
	at org.openqa.selenium.remote.RemoteWebElement.execute(RemoteWebElement.java:285)
	at org.openqa.selenium.remote.RemoteWebElement.click(RemoteWebElement.java:84)
	at com.nationalguard.ddf.base.BaseTest.choose(BaseTest.java:163)
	at com.nationalguard.ddf.testcases.GuardPayTest.guardpayEnlisted(GuardPayTest.java:42)
	at sun.reflect.NativeMethodAccessorImpl.invoke0(Native Method)
	at sun.reflect.NativeMethodAccessorImpl.invoke(NativeMethodAccessorImpl.java:62)
	at sun.reflect.DelegatingMethodAccessorImpl.invoke(DelegatingMethodAccessorImpl.java:43)
	at java.lang.reflect.Method.invoke(Method.java:483)
	at org.testng.internal.MethodInvocationHelper.invokeMethod(MethodInvocationHelper.java:104)
	at org.testng.internal.Invoker.invokeMethod(Invoker.java:645)
	at org.testng.internal.Invoker.invokeTestMethod(Invoker.java:851)
	at org.testng.internal.Invoker.invokeTestMethods(Invoker.java:1177)
	at org.testng.internal.TestMethodWorker.invokeTestMethods(TestMethodWorker.java:129)
	at org.testng.internal.TestMethodWorker.run(TestMethodWorker.java:112)
	at org.testng.TestRunner.privateRun(TestRunner.java:756)
	at org.testng.TestRunner.run(TestRunner.java:610)
	at org.testng.SuiteRunner.runTest(SuiteRunner.java:387)
	at org.testng.SuiteRunner.runSequentially(SuiteRunner.java:382)
	at org.testng.SuiteRunner.privateRun(SuiteRunner.java:340)
	at org.testng.SuiteRunner.run(SuiteRunner.java:289)
	at org.testng.SuiteRunnerWorker.runSuite(SuiteRunnerWorker.java:52)
	at org.testng.SuiteRunnerWorker.run(SuiteRunnerWorker.java:86)
	at org.testng.TestNG.runSuitesSequentially(TestNG.java:1293)
	at org.testng.TestNG.runSuitesLocally(TestNG.java:1218)
	at org.testng.TestNG.runSuites(TestNG.java:1133)
	at org.testng.TestNG.run(TestNG.java:1104)
	at org.apache.maven.surefire.testng.TestNGExecutor.run(TestNGExecutor.java:283)
	at org.apache.maven.surefire.testng.TestNGXmlTestSuite.execute(TestNGXmlTestSuite.java:75)
	at org.apache.maven.surefire.testng.TestNGProvider.invoke(TestNGProvider.java:120)
	at org.apache.maven.surefire.booter.ForkedBooter.invokeProviderInSameClassLoader(ForkedBooter.java:384)
	at org.apache.maven.surefire.booter.ForkedBooter.runSuitesInProcess(ForkedBooter.java:345)
	at org.apache.maven.surefire.booter.ForkedBooter.execute(ForkedBooter.java:126)
	at org.apache.maven.surefire.booter.ForkedBooter.main(ForkedBooter.java:418)
]]>
            </full-stacktrace>
          </exception> <!-- org.openqa.selenium.ElementClickInterceptedException -->
          <reporter-output>
          </reporter-output>
        </test-method> <!-- guardpayEnlisted -->
        <test-method status="PASS" signature="quit()[pri:0, instance:com.nationalguard.ddf.testcases.GuardPayTest@548b7f67]" name="quit" is-config="true" duration-ms="1152" started-at="2019-12-22T12:15:39Z" finished-at="2019-12-22T12:15:40Z">
          <reporter-output>
          </reporter-output>
        </test-method> <!-- quit -->
        <test-method status="PASS" signature="guardpayEnlisted(java.util.Hashtable)[pri:0, instance:com.nationalguard.ddf.testcases.GuardPayTest@548b7f67]" name="guardpayEnlisted" duration-ms="27451" started-at="2019-12-22T12:15:40Z" data-provider="getData" finished-at="2019-12-22T12:16:07Z">
          <params>
            <param index="0">
              <value>
                <![CDATA[{Year=2, EnlistmentType_xpath=//label[@for='current_status_2' and @class='btn-outline'], Runmode=Y, Rank=O-3 Captain, Browser=firefox}]]>
              </value>
            </param>
          </params>
          <reporter-output>
          </reporter-output>
        </test-method> <!-- guardpayEnlisted -->
        <test-method status="PASS" signature="initTest()[pri:0, instance:com.nationalguard.ddf.testcases.GuardPayTest@548b7f67]" name="initTest" is-config="true" duration-ms="0" started-at="2019-12-22T12:15:40Z" finished-at="2019-12-22T12:15:40Z">
          <reporter-output>
          </reporter-output>
        </test-method> <!-- initTest -->
        <test-method status="PASS" signature="quit()[pri:0, instance:com.nationalguard.ddf.testcases.GuardPayTest@548b7f67]" name="quit" is-config="true" duration-ms="2110" started-at="2019-12-22T12:16:07Z" finished-at="2019-12-22T12:16:09Z">
          <reporter-output>
          </reporter-output>
        </test-method> <!-- quit -->
      </class> <!-- com.nationalguard.ddf.testcases.GuardPayTest -->
    </test> <!-- GuardPayTest -->
  </suite> <!-- Suite -->
</testng-results>
